<?xml version="1.0" encoding="UTF-8"?>
<!-- Generated by org.testng.reporters.JUnitReportReporter -->
<testsuite hostname="W5CG0270ZRM" failures="0" tests="2" name="seleniumexamples.TestNGExampleTest" time="0.014" errors="0" timestamp="2022-09-26T15:44:05 IST" skipped="0">
  <testcase classname="seleniumexamples.TestNGExampleTest" name="testCase1" time="0.012"/>
  <system-out/>
  <testcase classname="seleniumexamples.TestNGExampleTest" name="testCase2" time="0.002"/>
  <system-out/>
</testsuite> <!-- seleniumexamples.TestNGExampleTest -->
