<?xml version="1.0" encoding="UTF-8"?>
<!-- Generated by org.testng.reporters.JUnitReportReporter -->
<testsuite hostname="W5CG0270ZRM" failures="0" tests="2" name="testngexamples.TestNGExampleTest" time="0.008" errors="0" timestamp="2022-09-26T16:29:18 IST" skipped="0">
  <testcase classname="testngexamples.TestNGExampleTest" name="testCase2" time="0.002"/>
  <system-out/>
  <testcase classname="testngexamples.TestNGExampleTest" name="testCase1" time="0.006"/>
  <system-out/>
</testsuite> <!-- testngexamples.TestNGExampleTest -->
