<?xml version="1.0" encoding="UTF-8"?>
<!-- Generated by org.testng.reporters.JUnitReportReporter -->
<testsuite hostname="W5CG0270ZRM" failures="0" tests="5" name="testngexamples.TestNgExample2" time="63.848" errors="0" timestamp="2022-09-28T12:03:27 IST" skipped="0">
  <testcase classname="testngexamples.TestNgExample2" name="testCase5" time="18.338"/>
  <system-out/>
  <testcase classname="testngexamples.TestNgExample2" name="testCase1" time="7.438"/>
  <system-out/>
  <testcase classname="testngexamples.TestNgExample2" name="testCase3" time="15.708"/>
  <system-out/>
  <testcase classname="testngexamples.TestNgExample2" name="testCase2" time="9.707"/>
  <system-out/>
  <testcase classname="testngexamples.TestNgExample2" name="testCase4" time="12.657"/>
  <system-out/>
</testsuite> <!-- testngexamples.TestNgExample2 -->
