<?xml version="1.0" encoding="UTF-8"?>
<!-- Generated by org.testng.reporters.JUnitReportReporter -->
<testsuite hostname="W5CG0270ZRM" failures="0" tests="1" name="seleniumexamples.XpathSibling" time="6.992" errors="0" timestamp="2022-09-27T15:59:07 IST" skipped="0">
  <testcase classname="seleniumexamples.XpathSibling" name="testAncestorInXpath" time="6.992"/>
  <system-out/>
</testsuite> <!-- seleniumexamples.XpathSibling -->
